<?xml version="1.0" encoding="UTF-8"?>
<!-- Generated by org.testng.reporters.JUnitReportReporter -->
<testsuite hostname="Shashank-PC" failures="0" tests="1" name="com.mavenprj.demo.AppTest" time="0.009" errors="0" timestamp="2020-07-30T01:29:28 PDT" skipped="0">
  <testcase classname="com.mavenprj.demo.AppTest" name="shouldAnswerWithTrue" time="0.009"/>
  <system-out/>
</testsuite> <!-- com.mavenprj.demo.AppTest -->
